{"/home/san/poc-ecommerce-vite/src/components/header/Header.tsx": {"path":"/home/san/poc-ecommerce-vite/src/components/header/Header.tsx","statementMap":{"0":{"start":{"line":3,"column":25},"end":{"line":13,"column":1}},"1":{"start":{"line":4,"column":2},"end":{"line":12,"column":4}},"2":{"start":{"line":15,"column":0},"end":{"line":15,"column":22}}},"fnMap":{"0":{"name":"(anonymous_0)","decl":{"start":{"line":3,"column":25},"end":{"line":3,"column":28}},"loc":{"start":{"line":3,"column":30},"end":{"line":13,"column":1}}}},"branchMap":{},"s":{"0":1,"1":3,"2":1},"f":{"0":3},"b":{}}
,"/home/san/poc-ecommerce-vite/src/components/products/Products.tsx": {"path":"/home/san/poc-ecommerce-vite/src/components/products/Products.tsx","statementMap":{"0":{"start":{"line":1,"column":0},"end":{"line":1,"column":33}},"1":{"start":{"line":2,"column":0},"end":{"line":2,"column":44}},"2":{"start":{"line":3,"column":0},"end":{"line":3,"column":45}},"3":{"start":{"line":4,"column":0},"end":{"line":4,"column":57}},"4":{"start":{"line":6,"column":17},"end":{"line":26,"column":1}},"5":{"start":{"line":7,"column":38},"end":{"line":7,"column":58}},"6":{"start":{"line":9,"column":27},"end":{"line":10,"column":null}},"7":{"start":{"line":10,"column":4},"end":{"line":10,"column":66}},"8":{"start":{"line":12,"column":2},"end":{"line":25,"column":4}},"9":{"start":{"line":19,"column":10},"end":{"line":21,"column":null}},"10":{"start":{"line":28,"column":0},"end":{"line":28,"column":24}}},"fnMap":{"0":{"name":"(anonymous_1)","decl":{"start":{"line":6,"column":17},"end":{"line":6,"column":20}},"loc":{"start":{"line":6,"column":22},"end":{"line":26,"column":1}}},"1":{"name":"(anonymous_2)","decl":{"start":{"line":9,"column":43},"end":{"line":9,"column":50}},"loc":{"start":{"line":10,"column":4},"end":{"line":10,"column":66}}},"2":{"name":"(anonymous_3)","decl":{"start":{"line":18,"column":30},"end":{"line":18,"column":37}},"loc":{"start":{"line":18,"column":40},"end":{"line":22,"column":9}}}},"branchMap":{},"s":{"0":0,"1":0,"2":0,"3":0,"4":0,"5":0,"6":0,"7":0,"8":0,"9":0,"10":0},"f":{"0":0,"1":0,"2":0},"b":{}}
,"/home/san/poc-ecommerce-vite/src/components/products/card/ProductCard.tsx": {"path":"/home/san/poc-ecommerce-vite/src/components/products/card/ProductCard.tsx","statementMap":{"0":{"start":{"line":2,"column":0},"end":{"line":2,"column":36}},"1":{"start":{"line":4,"column":20},"end":{"line":19,"column":1}},"2":{"start":{"line":5,"column":2},"end":{"line":18,"column":4}},"3":{"start":{"line":21,"column":0},"end":{"line":21,"column":27}}},"fnMap":{"0":{"name":"(anonymous_0)","decl":{"start":{"line":4,"column":20},"end":{"line":4,"column":21}},"loc":{"start":{"line":4,"column":54},"end":{"line":19,"column":1}}}},"branchMap":{},"s":{"0":0,"1":0,"2":0,"3":0},"f":{"0":0},"b":{}}
,"/home/san/poc-ecommerce-vite/src/components/products/view/ProductView.tsx": {"path":"/home/san/poc-ecommerce-vite/src/components/products/view/ProductView.tsx","statementMap":{"0":{"start":{"line":1,"column":0},"end":{"line":1,"column":41}},"1":{"start":{"line":2,"column":0},"end":{"line":2,"column":44}},"2":{"start":{"line":3,"column":0},"end":{"line":3,"column":27}},"3":{"start":{"line":4,"column":0},"end":{"line":4,"column":48}},"4":{"start":{"line":5,"column":0},"end":{"line":5,"column":65}},"5":{"start":{"line":7,"column":20},"end":{"line":57,"column":1}},"6":{"start":{"line":8,"column":17},"end":{"line":8,"column":28}},"7":{"start":{"line":9,"column":25},"end":{"line":9,"column":73}},"8":{"start":{"line":9,"column":47},"end":{"line":9,"column":72}},"9":{"start":{"line":11,"column":2},"end":{"line":13,"column":3}},"10":{"start":{"line":12,"column":4},"end":{"line":12,"column":38}},"11":{"start":{"line":21,"column":33},"end":{"line":25,"column":16}},"12":{"start":{"line":22,"column":23},"end":{"line":22,"column":103}},"13":{"start":{"line":23,"column":20},"end":{"line":23,"column":31}},"14":{"start":{"line":24,"column":20},"end":{"line":24,"column":39}},"15":{"start":{"line":27,"column":2},"end":{"line":56,"column":4}},"16":{"start":{"line":49,"column":12},"end":{"line":51,"column":null}},"17":{"start":{"line":59,"column":0},"end":{"line":59,"column":27}}},"fnMap":{"0":{"name":"(anonymous_1)","decl":{"start":{"line":7,"column":20},"end":{"line":7,"column":23}},"loc":{"start":{"line":7,"column":25},"end":{"line":57,"column":1}}},"1":{"name":"(anonymous_2)","decl":{"start":{"line":9,"column":39},"end":{"line":9,"column":43}},"loc":{"start":{"line":9,"column":47},"end":{"line":9,"column":72}}},"2":{"name":"(anonymous_3)","decl":{"start":{"line":22,"column":12},"end":{"line":22,"column":19}},"loc":{"start":{"line":22,"column":23},"end":{"line":22,"column":103}}},"3":{"name":"(anonymous_4)","decl":{"start":{"line":23,"column":10},"end":{"line":23,"column":11}},"loc":{"start":{"line":23,"column":20},"end":{"line":23,"column":31}}},"4":{"name":"(anonymous_5)","decl":{"start":{"line":24,"column":10},"end":{"line":24,"column":11}},"loc":{"start":{"line":24,"column":20},"end":{"line":24,"column":39}}},"5":{"name":"(anonymous_6)","decl":{"start":{"line":48,"column":38},"end":{"line":48,"column":45}},"loc":{"start":{"line":48,"column":48},"end":{"line":52,"column":11}}}},"branchMap":{"0":{"loc":{"start":{"line":11,"column":2},"end":{"line":13,"column":3}},"type":"if","locations":[{"start":{"line":11,"column":2},"end":{"line":13,"column":3}}]},"1":{"loc":{"start":{"line":22,"column":23},"end":{"line":22,"column":103}},"type":"binary-expr","locations":[{"start":{"line":22,"column":23},"end":{"line":22,"column":67}},{"start":{"line":22,"column":71},"end":{"line":22,"column":103}}]}},"s":{"0":0,"1":0,"2":0,"3":0,"4":0,"5":0,"6":0,"7":0,"8":0,"9":0,"10":0,"11":0,"12":0,"13":0,"14":0,"15":0,"16":0,"17":0},"f":{"0":0,"1":0,"2":0,"3":0,"4":0,"5":0},"b":{"0":[0],"1":[0,0]}}
,"/home/san/poc-ecommerce-vite/src/components/rating/Rating.tsx": {"path":"/home/san/poc-ecommerce-vite/src/components/rating/Rating.tsx","statementMap":{"0":{"start":{"line":1,"column":0},"end":{"line":1,"column":64}},"1":{"start":{"line":4,"column":0},"end":{"line":4,"column":22}},"2":{"start":{"line":5,"column":0},"end":{"line":5,"column":26}},"3":{"start":{"line":7,"column":15},"end":{"line":72,"column":1}},"4":{"start":{"line":12,"column":11},"end":{"line":12,"column":null}},"5":{"start":{"line":13,"column":10},"end":{"line":14,"column":14}},"6":{"start":{"line":15,"column":40},"end":{"line":15,"column":89}},"7":{"start":{"line":17,"column":22},"end":{"line":22,"column":3}},"8":{"start":{"line":18,"column":4},"end":{"line":20,"column":5}},"9":{"start":{"line":19,"column":6},"end":{"line":19,"column":13}},"10":{"start":{"line":21,"column":4},"end":{"line":21,"column":25}},"11":{"start":{"line":24,"column":22},"end":{"line":29,"column":3}},"12":{"start":{"line":25,"column":4},"end":{"line":27,"column":5}},"13":{"start":{"line":26,"column":6},"end":{"line":26,"column":13}},"14":{"start":{"line":28,"column":4},"end":{"line":28,"column":19}},"15":{"start":{"line":31,"column":24},"end":{"line":39,"column":3}},"16":{"start":{"line":32,"column":4},"end":{"line":34,"column":5}},"17":{"start":{"line":33,"column":6},"end":{"line":33,"column":13}},"18":{"start":{"line":35,"column":4},"end":{"line":37,"column":5}},"19":{"start":{"line":36,"column":6},"end":{"line":36,"column":13}},"20":{"start":{"line":38,"column":4},"end":{"line":38,"column":19}},"21":{"start":{"line":41,"column":26},"end":{"line":57,"column":3}},"22":{"start":{"line":42,"column":25},"end":{"line":55,"column":6}},"23":{"start":{"line":43,"column":6},"end":{"line":54,"column":8}},"24":{"start":{"line":47,"column":30},"end":{"line":47,"column":50}},"25":{"start":{"line":48,"column":30},"end":{"line":48,"column":49}},"26":{"start":{"line":49,"column":25},"end":{"line":49,"column":45}},"27":{"start":{"line":52,"column":60},"end":{"line":52,"column":85}},"28":{"start":{"line":56,"column":4},"end":{"line":56,"column":33}},"29":{"start":{"line":59,"column":2},"end":{"line":61,"column":15}},"30":{"start":{"line":60,"column":4},"end":{"line":60,"column":28}},"31":{"start":{"line":63,"column":2},"end":{"line":71,"column":4}},"32":{"start":{"line":67,"column":8},"end":{"line":67,"column":49}},"33":{"start":{"line":74,"column":0},"end":{"line":74,"column":22}}},"fnMap":{"0":{"name":"(anonymous_2)","decl":{"start":{"line":7,"column":15},"end":{"line":7,"column":16}},"loc":{"start":{"line":14,"column":31},"end":{"line":72,"column":1}}},"1":{"name":"(anonymous_3)","decl":{"start":{"line":17,"column":22},"end":{"line":17,"column":23}},"loc":{"start":{"line":17,"column":38},"end":{"line":22,"column":3}}},"2":{"name":"(anonymous_4)","decl":{"start":{"line":24,"column":22},"end":{"line":24,"column":23}},"loc":{"start":{"line":24,"column":38},"end":{"line":29,"column":3}}},"3":{"name":"(anonymous_5)","decl":{"start":{"line":31,"column":24},"end":{"line":31,"column":25}},"loc":{"start":{"line":31,"column":75},"end":{"line":39,"column":3}}},"4":{"name":"(anonymous_6)","decl":{"start":{"line":41,"column":26},"end":{"line":41,"column":27}},"loc":{"start":{"line":41,"column":52},"end":{"line":57,"column":3}}},"5":{"name":"(anonymous_7)","decl":{"start":{"line":42,"column":41},"end":{"line":42,"column":42}},"loc":{"start":{"line":42,"column":82},"end":{"line":55,"column":5}}},"6":{"name":"(anonymous_8)","decl":{"start":{"line":47,"column":24},"end":{"line":47,"column":27}},"loc":{"start":{"line":47,"column":30},"end":{"line":47,"column":50}}},"7":{"name":"(anonymous_9)","decl":{"start":{"line":48,"column":24},"end":{"line":48,"column":27}},"loc":{"start":{"line":48,"column":30},"end":{"line":48,"column":49}}},"8":{"name":"(anonymous_10)","decl":{"start":{"line":49,"column":19},"end":{"line":49,"column":22}},"loc":{"start":{"line":49,"column":25},"end":{"line":49,"column":45}}},"9":{"name":"(anonymous_11)","decl":{"start":{"line":52,"column":21},"end":{"line":52,"column":22}},"loc":{"start":{"line":52,"column":60},"end":{"line":52,"column":85}}},"10":{"name":"(anonymous_12)","decl":{"start":{"line":59,"column":12},"end":{"line":59,"column":15}},"loc":{"start":{"line":59,"column":17},"end":{"line":61,"column":3}}},"11":{"name":"(anonymous_13)","decl":{"start":{"line":66,"column":23},"end":{"line":66,"column":24}},"loc":{"start":{"line":67,"column":8},"end":{"line":67,"column":49}}}},"branchMap":{"0":{"loc":{"start":{"line":8,"column":2},"end":{"line":8,"column":20}},"type":"default-arg","locations":[{"start":{"line":8,"column":15},"end":{"line":8,"column":20}}]},"1":{"loc":{"start":{"line":18,"column":4},"end":{"line":20,"column":5}},"type":"if","locations":[{"start":{"line":18,"column":4},"end":{"line":20,"column":5}}]},"2":{"loc":{"start":{"line":25,"column":4},"end":{"line":27,"column":5}},"type":"if","locations":[{"start":{"line":25,"column":4},"end":{"line":27,"column":5}}]},"3":{"loc":{"start":{"line":25,"column":8},"end":{"line":25,"column":33}},"type":"binary-expr","locations":[{"start":{"line":25,"column":8},"end":{"line":25,"column":19}},{"start":{"line":25,"column":23},"end":{"line":25,"column":33}}]},"4":{"loc":{"start":{"line":32,"column":4},"end":{"line":34,"column":5}},"type":"if","locations":[{"start":{"line":32,"column":4},"end":{"line":34,"column":5}}]},"5":{"loc":{"start":{"line":32,"column":8},"end":{"line":32,"column":33}},"type":"binary-expr","locations":[{"start":{"line":32,"column":8},"end":{"line":32,"column":19}},{"start":{"line":32,"column":23},"end":{"line":32,"column":33}}]},"6":{"loc":{"start":{"line":35,"column":4},"end":{"line":37,"column":5}},"type":"if","locations":[{"start":{"line":35,"column":4},"end":{"line":37,"column":5}}]},"7":{"loc":{"start":{"line":50,"column":24},"end":{"line":50,"column":39}},"type":"binary-expr","locations":[{"start":{"line":50,"column":24},"end":{"line":50,"column":33}},{"start":{"line":50,"column":37},"end":{"line":50,"column":39}}]},"8":{"loc":{"start":{"line":50,"column":43},"end":{"line":50,"column":77}},"type":"cond-expr","locations":[{"start":{"line":50,"column":56},"end":{"line":50,"column":72}},{"start":{"line":50,"column":75},"end":{"line":50,"column":77}}]},"9":{"loc":{"start":{"line":51,"column":20},"end":{"line":51,"column":39}},"type":"cond-expr","locations":[{"start":{"line":51,"column":33},"end":{"line":51,"column":34}},{"start":{"line":51,"column":37},"end":{"line":51,"column":39}}]}},"s":{"0":0,"1":0,"2":0,"3":0,"4":0,"5":0,"6":0,"7":0,"8":0,"9":0,"10":0,"11":0,"12":0,"13":0,"14":0,"15":0,"16":0,"17":0,"18":0,"19":0,"20":0,"21":0,"22":0,"23":0,"24":0,"25":0,"26":0,"27":0,"28":0,"29":0,"30":0,"31":0,"32":0,"33":0},"f":{"0":0,"1":0,"2":0,"3":0,"4":0,"5":0,"6":0,"7":0,"8":0,"9":0,"10":0,"11":0},"b":{"0":[0],"1":[0],"2":[0],"3":[0,0],"4":[0],"5":[0,0],"6":[0],"7":[0,0],"8":[0,0],"9":[0,0]}}
,"/home/san/poc-ecommerce-vite/src/components/rating/Star.tsx": {"path":"/home/san/poc-ecommerce-vite/src/components/rating/Star.tsx","statementMap":{"0":{"start":{"line":3,"column":34},"end":{"line":38,"column":1}},"1":{"start":{"line":10,"column":10},"end":{"line":10,"column":null}},"2":{"start":{"line":11,"column":10},"end":{"line":12,"column":12}},"3":{"start":{"line":13,"column":2},"end":{"line":37,"column":4}},"4":{"start":{"line":40,"column":0},"end":{"line":40,"column":20}}},"fnMap":{"0":{"name":"(anonymous_1)","decl":{"start":{"line":3,"column":34},"end":{"line":3,"column":35}},"loc":{"start":{"line":12,"column":16},"end":{"line":38,"column":1}}}},"branchMap":{"0":{"loc":{"start":{"line":4,"column":2},"end":{"line":4,"column":18}},"type":"default-arg","locations":[{"start":{"line":4,"column":13},"end":{"line":4,"column":18}}]},"1":{"loc":{"start":{"line":24,"column":14},"end":{"line":24,"column":46}},"type":"cond-expr","locations":[{"start":{"line":24,"column":25},"end":{"line":24,"column":34}},{"start":{"line":24,"column":37},"end":{"line":24,"column":46}}]},"2":{"loc":{"start":{"line":32,"column":16},"end":{"line":32,"column":45}},"type":"cond-expr","locations":[{"start":{"line":32,"column":27},"end":{"line":32,"column":36}},{"start":{"line":32,"column":39},"end":{"line":32,"column":45}}]},"3":{"loc":{"start":{"line":33,"column":18},"end":{"line":33,"column":50}},"type":"cond-expr","locations":[{"start":{"line":33,"column":29},"end":{"line":33,"column":38}},{"start":{"line":33,"column":41},"end":{"line":33,"column":50}}]}},"s":{"0":0,"1":0,"2":0,"3":0,"4":0},"f":{"0":0},"b":{"0":[0],"1":[0,0],"2":[0,0],"3":[0,0]}}
,"/home/san/poc-ecommerce-vite/src/components/searchBar/SearchBar.tsx": {"path":"/home/san/poc-ecommerce-vite/src/components/searchBar/SearchBar.tsx","statementMap":{"0":{"start":{"line":3,"column":18},"end":{"line":14,"column":1}},"1":{"start":{"line":3,"column":57},"end":{"line":3,"column":62}},"2":{"start":{"line":3,"column":67},"end":{"line":3,"column":85}},"3":{"start":{"line":4,"column":2},"end":{"line":13,"column":null}},"4":{"start":{"line":10,"column":25},"end":{"line":10,"column":54}},"5":{"start":{"line":16,"column":0},"end":{"line":16,"column":25}}},"fnMap":{"0":{"name":"(anonymous_1)","decl":{"start":{"line":3,"column":18},"end":{"line":3,"column":19}},"loc":{"start":{"line":3,"column":89},"end":{"line":14,"column":1}}},"1":{"name":"(anonymous_2)","decl":{"start":{"line":10,"column":18},"end":{"line":10,"column":19}},"loc":{"start":{"line":10,"column":25},"end":{"line":10,"column":54}}}},"branchMap":{},"s":{"0":0,"1":0,"2":0,"3":0,"4":0,"5":0},"f":{"0":0,"1":0},"b":{}}
}
