TN:
SF:src/components/header/Header.tsx
FN:3,(anonymous_0)
FNF:1
FNH:1
FNDA:3,(anonymous_0)
DA:3,1
DA:4,3
DA:15,1
LF:3
LH:3
BRF:0
BRH:0
end_of_record
TN:
SF:src/components/products/Products.tsx
FN:6,(anonymous_1)
FN:9,(anonymous_2)
FN:18,(anonymous_3)
FNF:3
FNH:3
FNDA:5,(anonymous_1)
FNDA:15,(anonymous_2)
FNDA:11,(anonymous_3)
DA:1,1
DA:2,1
DA:3,1
DA:4,1
DA:6,1
DA:7,5
DA:9,5
DA:10,15
DA:12,5
DA:19,11
DA:28,1
LF:11
LH:11
BRF:0
BRH:0
end_of_record
TN:
SF:src/components/products/card/ProductCard.tsx
FN:4,(anonymous_0)
FNF:1
FNH:1
FNDA:2,(anonymous_0)
DA:2,1
DA:4,1
DA:5,2
DA:21,1
LF:4
LH:4
BRF:0
BRH:0
end_of_record
TN:
SF:src/components/products/view/ProductView.tsx
FN:7,(anonymous_1)
FN:9,(anonymous_2)
FN:22,(anonymous_3)
FN:23,(anonymous_4)
FN:24,(anonymous_5)
FN:48,(anonymous_6)
FNF:6
FNH:6
FNDA:3,(anonymous_1)
FNDA:9,(anonymous_2)
FNDA:10,(anonymous_3)
FNDA:4,(anonymous_4)
FNDA:8,(anonymous_5)
FNDA:6,(anonymous_6)
DA:1,1
DA:2,1
DA:3,1
DA:4,1
DA:5,1
DA:7,1
DA:8,3
DA:9,9
DA:11,3
DA:12,1
DA:21,2
DA:22,10
DA:23,4
DA:24,8
DA:27,2
DA:49,6
DA:59,1
LF:17
LH:17
BRDA:11,0,0,1
BRDA:22,1,0,10
BRDA:22,1,1,8
BRF:3
BRH:3
end_of_record
TN:
SF:src/components/rating/Rating.tsx
FN:7,(anonymous_2)
FN:15,(anonymous_3)
FN:16,(anonymous_4)
FN:29,(anonymous_5)
FN:36,(anonymous_6)
FNF:5
FNH:5
FNDA:4,(anonymous_2)
FNDA:2,(anonymous_3)
FNDA:10,(anonymous_4)
FNDA:2,(anonymous_5)
FNDA:20,(anonymous_6)
DA:1,1
DA:4,1
DA:5,1
DA:7,1
DA:10,4
DA:11,4
DA:13,4
DA:15,4
DA:16,2
DA:17,10
DA:26,2
DA:29,4
DA:30,2
DA:33,4
DA:37,20
DA:44,1
LF:16
LH:16
BRDA:21,0,0,10
BRDA:21,0,1,10
BRF:2
BRH:2
end_of_record
TN:
SF:src/components/rating/Star.tsx
FN:3,(anonymous_1)
FNF:1
FNH:1
FNDA:17,(anonymous_1)
DA:3,2
DA:10,17
DA:11,17
DA:13,17
DA:42,2
LF:5
LH:5
BRDA:4,0,0,0
BRDA:15,1,0,7
BRDA:15,1,1,10
BRDA:16,2,0,7
BRDA:16,2,1,10
BRDA:26,3,0,7
BRDA:26,3,1,10
BRDA:34,4,0,7
BRDA:34,4,1,10
BRDA:35,5,0,7
BRDA:35,5,1,10
BRF:11
BRH:10
end_of_record
TN:
SF:src/components/searchBar/SearchBar.tsx
FN:3,(anonymous_1)
FN:10,(anonymous_2)
FNF:2
FNH:2
FNDA:5,(anonymous_1)
FNDA:1,(anonymous_2)
DA:3,5
DA:4,5
DA:10,1
DA:16,1
LF:4
LH:4
BRF:0
BRH:0
end_of_record
